c:\users\alex\desktop\proiecte facultate\gameframework\compiled\debug\vc141.pdb
c:\users\alex\desktop\proiecte facultate\gameframework\compiled\debug\vc141.idb
c:\users\alex\desktop\proiecte facultate\gameframework\compiled\debug\backbuffer.obj
c:\users\alex\desktop\proiecte facultate\gameframework\compiled\debug\cgameapp.obj
c:\users\alex\desktop\proiecte facultate\gameframework\compiled\debug\cplayer.obj
c:\users\alex\desktop\proiecte facultate\gameframework\compiled\debug\ctimer.obj
c:\users\alex\desktop\proiecte facultate\gameframework\compiled\debug\imagefile.obj
c:\users\alex\desktop\proiecte facultate\gameframework\compiled\debug\main.obj
c:\users\alex\desktop\proiecte facultate\gameframework\compiled\debug\resizeengine.obj
c:\users\alex\desktop\proiecte facultate\gameframework\compiled\debug\sprite.obj
c:\users\alex\desktop\proiecte facultate\gameframework\compiled\debug\vec2.obj
c:\users\alex\desktop\proiecte facultate\gameframework\d_game.exe
c:\users\alex\desktop\proiecte facultate\gameframework\d_game.ilk
c:\users\alex\desktop\proiecte facultate\gameframework\compiled\debug\game.pdb
c:\users\alex\desktop\proiecte facultate\gameframework\compiled\debug\game.res
c:\users\alex\desktop\proiecte facultate\gameframework\compiled\debug\game.tlog\cl.command.1.tlog
c:\users\alex\desktop\proiecte facultate\gameframework\compiled\debug\game.tlog\cl.read.1.tlog
c:\users\alex\desktop\proiecte facultate\gameframework\compiled\debug\game.tlog\cl.write.1.tlog
c:\users\alex\desktop\proiecte facultate\gameframework\compiled\debug\game.tlog\link.command.1.tlog
c:\users\alex\desktop\proiecte facultate\gameframework\compiled\debug\game.tlog\link.read.1.tlog
c:\users\alex\desktop\proiecte facultate\gameframework\compiled\debug\game.tlog\link.write.1.tlog
c:\users\alex\desktop\proiecte facultate\gameframework\compiled\debug\game.tlog\rc.command.1.tlog
c:\users\alex\desktop\proiecte facultate\gameframework\compiled\debug\game.tlog\rc.read.1.tlog
c:\users\alex\desktop\proiecte facultate\gameframework\compiled\debug\game.tlog\rc.write.1.tlog
